
******************************************************************************
This program contains Ipopt, a library for large-scale nonlinear optimization.
 Ipopt is released as open source code under the Eclipse Public License (EPL).
         For more information visit http://projects.coin-or.org/Ipopt
******************************************************************************

This is Ipopt version 3.11.9, running with linear solver ma57.

Number of nonzeros in equality constraint Jacobian...:        0
Number of nonzeros in inequality constraint Jacobian.:        0
Number of nonzeros in Lagrangian Hessian.............:     9221

Total number of variables............................:      806
                     variables with only lower bounds:        0
                variables with lower and upper bounds:      806
                     variables with only upper bounds:        0
Total number of equality constraints.................:        0
Total number of inequality constraints...............:        0
        inequality constraints with only lower bounds:        0
   inequality constraints with lower and upper bounds:        0
        inequality constraints with only upper bounds:        0

iter    objective    inf_pr   inf_du lg(mu)  ||d||  lg(rg) alpha_du alpha_pr  ls
   0  4.4239360e+02 0.00e+00 1.15e+00   0.0 0.00e+00    -  0.00e+00 0.00e+00   0
   1  2.5184019e+02 0.00e+00 4.29e-01   0.4 4.91e+00    -  5.59e-01 1.00e+00f  1
   2  4.2451402e+01 0.00e+00 1.87e-04   0.2 1.84e+01    -  1.00e+00 1.00e+00f  1
   3  5.5587956e+00 0.00e+00 2.21e-02  -1.0 4.06e+00    -  8.91e-01 1.00e+00f  1
   4  1.3527195e+00 0.00e+00 4.13e-04  -1.5 2.12e+00    -  9.96e-01 1.00e+00f  1
   5  2.1559081e-01 0.00e+00 8.58e-05  -2.3 6.32e+00    -  9.97e-01 1.00e+00f  1
   6  1.6525351e-02 0.00e+00 5.18e-05  -3.2 4.23e+00    -  9.96e-01 1.00e+00f  1
   7  6.4995929e-03 0.00e+00 7.39e-06  -4.3 3.96e+00    -  9.95e-01 1.00e+00f  1
   8  6.3824203e-03 0.00e+00 5.37e-05  -5.7 5.38e-01  -4.0 9.98e-01 1.00e+00f  1
   9  6.2306853e-03 0.00e+00 3.77e-05  -7.6 1.13e+00  -4.5 1.00e+00 1.00e+00f  1
iter    objective    inf_pr   inf_du lg(mu)  ||d||  lg(rg) alpha_du alpha_pr  ls
  10  6.1068457e-03 0.00e+00 1.40e-05  -8.7 1.26e+00  -5.0 1.00e+00 1.00e+00f  1
  11  6.0384256e-03 0.00e+00 2.16e-06 -10.2 5.75e-01  -5.4 1.00e+00 1.00e+00f  1
  12  5.9519534e-03 0.00e+00 1.65e-06  -7.5 1.09e+00  -5.9 9.25e-01 1.00e+00f  1
  13  5.9075869e-03 0.00e+00 1.45e-06  -9.1 4.60e-01  -5.5 1.00e+00 1.00e+00f  1
  14  5.6574434e-03 0.00e+00 7.94e-06  -9.2 2.41e+00  -6.0 1.00e+00 1.00e+00f  1
  15  5.6125251e-03 0.00e+00 2.16e-06 -10.9 7.13e-01  -5.5 1.00e+00 1.00e+00f  1
  16  5.5162505e-03 0.00e+00 9.10e-07 -11.3 1.11e+00  -6.0 1.00e+00 1.00e+00f  1
  17  5.3379030e-03 0.00e+00 1.67e-05 -11.9 4.50e+00  -6.5 1.00e+00 1.00e+00f  1
  18  5.2122353e-03 0.00e+00 2.89e-06 -12.3 1.34e+00  -6.1 1.00e+00 1.00e+00f  1
  19  5.1498476e-03 0.00e+00 1.82e-06 -12.3 1.44e+00  -6.5 1.00e+00 1.00e+00f  1
iter    objective    inf_pr   inf_du lg(mu)  ||d||  lg(rg) alpha_du alpha_pr  ls
  20  5.1023329e-03 0.00e+00 6.19e-06 -12.3 2.22e+00  -7.0 1.00e+00 1.00e+00f  1
  21  5.0891622e-03 0.00e+00 1.17e-05 -12.3 2.33e+00    -  1.00e+00 1.00e+00f  1
  22  5.0801666e-03 0.00e+00 3.39e-07 -12.3 4.81e-01  -6.6 1.00e+00 1.00e+00f  1
  23  5.0780853e-03 0.00e+00 2.33e-07 -12.3 5.96e-01  -7.1 1.00e+00 1.00e+00f  1
  24  5.0737167e-03 0.00e+00 2.46e-06 -12.3 1.96e+00  -7.5 1.00e+00 1.00e+00f  1
  25  5.0711297e-03 0.00e+00 7.23e-07 -12.3 7.89e-01    -  1.00e+00 1.00e+00f  1
  26  5.0710569e-03 0.00e+00 1.98e-08 -12.3 1.26e-01    -  1.00e+00 1.00e+00f  1
  27  5.0710568e-03 0.00e+00 9.75e-11 -12.3 1.08e-02    -  1.00e+00 1.00e+00f  1
  28  5.0710568e-03 0.00e+00 1.24e-15 -12.3 3.31e-05    -  1.00e+00 1.00e+00f  1

Number of Iterations....: 28

                                   (scaled)                 (unscaled)
Objective...............:   5.0710568260285520e-03    5.0710568260285520e-03
Dual infeasibility......:   1.2413111168194961e-15    1.2413111168194961e-15
Constraint violation....:   0.0000000000000000e+00    0.0000000000000000e+00
Complementarity.........:   5.0000000000000009e-13    5.0000000000000009e-13
Overall NLP error.......:   5.0000000000000009e-13    5.0000000000000009e-13


Number of objective function evaluations             = 29
Number of objective gradient evaluations             = 29
Number of equality constraint evaluations            = 0
Number of inequality constraint evaluations          = 0
Number of equality constraint Jacobian evaluations   = 0
Number of inequality constraint Jacobian evaluations = 0
Number of Lagrangian Hessian evaluations             = 28
Total CPU secs in IPOPT (w/o function evaluations)   =      0.044
Total CPU secs in NLP function evaluations           =      0.012

EXIT: Optimal Solution Found.
This is Ipopt version 3.11.9, running with linear solver ma57.

Number of nonzeros in equality constraint Jacobian...:        0
Number of nonzeros in inequality constraint Jacobian.:        0
Number of nonzeros in Lagrangian Hessian.............:     9221

Total number of variables............................:      806
                     variables with only lower bounds:        0
                variables with lower and upper bounds:      806
                     variables with only upper bounds:        0
Total number of equality constraints.................:        0
Total number of inequality constraints...............:        0
        inequality constraints with only lower bounds:        0
   inequality constraints with lower and upper bounds:        0
        inequality constraints with only upper bounds:        0

iter    objective    inf_pr   inf_du lg(mu)  ||d||  lg(rg) alpha_du alpha_pr  ls
   0  1.0108527e-02 0.00e+00 5.99e-04   0.0 0.00e+00    -  0.00e+00 0.00e+00   0
   1  1.0093697e-02 0.00e+00 4.48e-06  -4.8 3.21e-03    -  9.90e-01 1.00e+00f  1
   2  1.0075461e-02 0.00e+00 4.50e-06  -6.8 8.41e-03    -  9.89e-01 1.00e+00f  1
   3  1.0075437e-02 0.00e+00 5.09e-08  -8.8 3.36e-03    -  9.97e-01 1.00e+00f  1
   4  1.0075430e-02 0.00e+00 1.32e-09 -11.3 3.18e-02    -  9.94e-01 1.00e+00f  1
   5  1.0075429e-02 0.00e+00 4.31e-10 -12.3 2.05e-02    -  9.97e-01 1.00e+00f  1
   6  1.0075429e-02 0.00e+00 4.59e-14 -12.3 1.03e-04    -  1.00e+00 1.00e+00f  1

Number of Iterations....: 6

                                   (scaled)                 (unscaled)
Objective...............:   1.0075428948459675e-02    1.0075428948459675e-02
Dual infeasibility......:   4.5878883788122691e-14    4.5878883788122691e-14
Constraint violation....:   0.0000000000000000e+00    0.0000000000000000e+00
Complementarity.........:   5.0095101660594551e-13    5.0095101660594551e-13
Overall NLP error.......:   5.0095101660594551e-13    5.0095101660594551e-13


Number of objective function evaluations             = 7
Number of objective gradient evaluations             = 7
Number of equality constraint evaluations            = 0
Number of inequality constraint evaluations          = 0
Number of equality constraint Jacobian evaluations   = 0
Number of inequality constraint Jacobian evaluations = 0
Number of Lagrangian Hessian evaluations             = 6
Total CPU secs in IPOPT (w/o function evaluations)   =      0.008
Total CPU secs in NLP function evaluations           =      0.003

EXIT: Optimal Solution Found.
This is Ipopt version 3.11.9, running with linear solver ma57.

Number of nonzeros in equality constraint Jacobian...:        0
Number of nonzeros in inequality constraint Jacobian.:        0
Number of nonzeros in Lagrangian Hessian.............:     9221

Total number of variables............................:      806
                     variables with only lower bounds:        0
                variables with lower and upper bounds:      806
                     variables with only upper bounds:        0
Total number of equality constraints.................:        0
Total number of inequality constraints...............:        0
        inequality constraints with only lower bounds:        0
   inequality constraints with lower and upper bounds:        0
        inequality constraints with only upper bounds:        0

iter    objective    inf_pr   inf_du lg(mu)  ||d||  lg(rg) alpha_du alpha_pr  ls
   0  2.0018460e-02 0.00e+00 1.19e-03   0.0 0.00e+00    -  0.00e+00 0.00e+00   0
   1  1.9960339e-02 0.00e+00 9.04e-06  -4.8 6.33e-03    -  9.90e-01 1.00e+00f  1
   2  1.9890032e-02 0.00e+00 9.41e-06  -6.8 1.63e-02    -  9.89e-01 1.00e+00f  1
   3  1.9889919e-02 0.00e+00 1.18e-07  -8.7 6.03e-03    -  9.96e-01 1.00e+00f  1
   4  1.9889862e-02 0.00e+00 2.09e-08  -7.3 1.01e-01    -  1.00e+00 1.00e+00f  1
   5  1.9889861e-02 0.00e+00 3.51e-10 -12.3 8.67e-03    -  9.99e-01 1.00e+00f  1
   6  1.9889861e-02 0.00e+00 1.69e-15 -12.3 2.40e-05    -  1.00e+00 1.00e+00f  1

Number of Iterations....: 6

                                   (scaled)                 (unscaled)
Objective...............:   1.9889860873587725e-02    1.9889860873587725e-02
Dual infeasibility......:   1.6941172083202427e-15    1.6941172083202427e-15
Constraint violation....:   0.0000000000000000e+00    0.0000000000000000e+00
Complementarity.........:   5.0041744650368188e-13    5.0041744650368188e-13
Overall NLP error.......:   5.0041744650368188e-13    5.0041744650368188e-13


Number of objective function evaluations             = 7
Number of objective gradient evaluations             = 7
Number of equality constraint evaluations            = 0
Number of inequality constraint evaluations          = 0
Number of equality constraint Jacobian evaluations   = 0
Number of inequality constraint Jacobian evaluations = 0
Number of Lagrangian Hessian evaluations             = 6
Total CPU secs in IPOPT (w/o function evaluations)   =      0.011
Total CPU secs in NLP function evaluations           =      0.001

EXIT: Optimal Solution Found.
This is Ipopt version 3.11.9, running with linear solver ma57.

Number of nonzeros in equality constraint Jacobian...:        0
Number of nonzeros in inequality constraint Jacobian.:        0
Number of nonzeros in Lagrangian Hessian.............:     9221

Total number of variables............................:      806
                     variables with only lower bounds:        0
                variables with lower and upper bounds:      806
                     variables with only upper bounds:        0
Total number of equality constraints.................:        0
Total number of inequality constraints...............:        0
        inequality constraints with only lower bounds:        0
   inequality constraints with lower and upper bounds:        0
        inequality constraints with only upper bounds:        0

iter    objective    inf_pr   inf_du lg(mu)  ||d||  lg(rg) alpha_du alpha_pr  ls
   0  3.9265212e-02 0.00e+00 2.34e-03   0.0 0.00e+00    -  0.00e+00 0.00e+00   0
   1  4.2791119e-02 0.00e+00 1.02e-05  -0.9 9.22e-02    -  9.97e-01 1.00e+00f  1
   2  3.8791946e-02 0.00e+00 4.37e-05  -6.8 6.84e-02    -  9.87e-01 1.00e+00f  1
   3  3.8780019e-02 0.00e+00 2.45e-06  -8.7 5.48e-02    -  9.90e-01 1.00e+00f  1
   4  3.8779365e-02 0.00e+00 1.47e-07  -6.8 1.18e-01    -  9.97e-01 1.00e+00f  1
   5  3.8779339e-02 0.00e+00 8.38e-09 -12.3 2.56e-02    -  9.98e-01 1.00e+00f  1
   6  3.8779339e-02 0.00e+00 2.89e-13 -12.3 1.56e-04    -  1.00e+00 1.00e+00f  1

Number of Iterations....: 6

                                   (scaled)                 (unscaled)
Objective...............:   3.8779338920851295e-02    3.8779338920851295e-02
Dual infeasibility......:   2.8893794602601543e-13    2.8893794602601543e-13
Constraint violation....:   0.0000000000000000e+00    0.0000000000000000e+00
Complementarity.........:   5.2929649282197249e-13    5.2929649282197249e-13
Overall NLP error.......:   5.2929649282197249e-13    5.2929649282197249e-13


Number of objective function evaluations             = 7
Number of objective gradient evaluations             = 7
Number of equality constraint evaluations            = 0
Number of inequality constraint evaluations          = 0
Number of equality constraint Jacobian evaluations   = 0
Number of inequality constraint Jacobian evaluations = 0
Number of Lagrangian Hessian evaluations             = 6
Total CPU secs in IPOPT (w/o function evaluations)   =      0.011
Total CPU secs in NLP function evaluations           =      0.000

EXIT: Optimal Solution Found.
This is Ipopt version 3.11.9, running with linear solver ma57.

Number of nonzeros in equality constraint Jacobian...:        0
Number of nonzeros in inequality constraint Jacobian.:        0
Number of nonzeros in Lagrangian Hessian.............:     9221

Total number of variables............................:      806
                     variables with only lower bounds:        0
                variables with lower and upper bounds:      806
                     variables with only upper bounds:        0
Total number of equality constraints.................:        0
Total number of inequality constraints...............:        0
        inequality constraints with only lower bounds:        0
   inequality constraints with lower and upper bounds:        0
        inequality constraints with only upper bounds:        0

iter    objective    inf_pr   inf_du lg(mu)  ||d||  lg(rg) alpha_du alpha_pr  ls
   0  7.5613527e-02 0.00e+00 4.53e-03   0.0 0.00e+00    -  0.00e+00 0.00e+00   0
   1  7.8377479e-02 0.00e+00 1.44e-05  -0.9 9.13e-02    -  9.97e-01 1.00e+00f  1
   2  7.3890722e-02 0.00e+00 5.32e-05  -6.8 7.78e-02    -  9.87e-01 1.00e+00f  1
   3  7.3874351e-02 0.00e+00 2.81e-06  -8.6 5.33e-02    -  9.90e-01 1.00e+00f  1
   4  7.3872659e-02 0.00e+00 7.82e-07  -6.3 2.50e-01    -  1.00e+00 1.00e+00f  1
   5  7.3872577e-02 0.00e+00 2.21e-08 -12.3 3.64e-02    -  9.98e-01 1.00e+00f  1
   6  7.3872577e-02 0.00e+00 1.45e-12 -12.3 2.68e-04    -  1.00e+00 1.00e+00f  1
   7  7.3872577e-02 0.00e+00 4.60e-17 -12.3 2.37e-08    -  1.00e+00 1.00e+00f  1

Number of Iterations....: 7

                                   (scaled)                 (unscaled)
Objective...............:   7.3872576847609880e-02    7.3872576847609880e-02
Dual infeasibility......:   4.6015381279726399e-17    4.6015381279726399e-17
Constraint violation....:   0.0000000000000000e+00    0.0000000000000000e+00
Complementarity.........:   5.0021870324494303e-13    5.0021870324494303e-13
Overall NLP error.......:   5.0021870324494303e-13    5.0021870324494303e-13


Number of objective function evaluations             = 8
Number of objective gradient evaluations             = 8
Number of equality constraint evaluations            = 0
Number of inequality constraint evaluations          = 0
Number of equality constraint Jacobian evaluations   = 0
Number of inequality constraint Jacobian evaluations = 0
Number of Lagrangian Hessian evaluations             = 7
Total CPU secs in IPOPT (w/o function evaluations)   =      0.009
Total CPU secs in NLP function evaluations           =      0.002

EXIT: Optimal Solution Found.
This is Ipopt version 3.11.9, running with linear solver ma57.

Number of nonzeros in equality constraint Jacobian...:        0
Number of nonzeros in inequality constraint Jacobian.:        0
Number of nonzeros in Lagrangian Hessian.............:     9221

Total number of variables............................:      806
                     variables with only lower bounds:        0
                variables with lower and upper bounds:      806
                     variables with only upper bounds:        0
Total number of equality constraints.................:        0
Total number of inequality constraints...............:        0
        inequality constraints with only lower bounds:        0
   inequality constraints with lower and upper bounds:        0
        inequality constraints with only upper bounds:        0

iter    objective    inf_pr   inf_du lg(mu)  ||d||  lg(rg) alpha_du alpha_pr  ls
   0  1.4075903e-01 0.00e+00 8.52e-03   0.0 0.00e+00    -  0.00e+00 0.00e+00   0
   1  1.4124903e-01 0.00e+00 2.85e-05  -0.9 8.96e-02    -  9.95e-01 1.00e+00f  1
   2  1.3512378e-01 0.00e+00 8.81e-05  -6.7 9.84e-02    -  9.84e-01 1.00e+00f  1
   3  1.3509717e-01 0.00e+00 4.32e-06  -8.5 5.27e-02    -  9.89e-01 1.00e+00f  1
   4  1.3508968e-01 0.00e+00 2.87e-06  -6.1 3.66e-01    -  9.97e-01 1.00e+00f  1
   5  1.3508946e-01 0.00e+00 2.32e-07 -12.1 5.81e-02    -  9.95e-01 1.00e+00f  1
   6  1.3508946e-01 0.00e+00 1.56e-10 -12.3 1.51e-03    -  1.00e+00 1.00e+00f  1
   7  1.3508946e-01 0.00e+00 8.98e-17 -12.3 1.51e-06    -  1.00e+00 1.00e+00f  1

Number of Iterations....: 7

                                   (scaled)                 (unscaled)
Objective...............:   1.3508946473873693e-01    1.3508946473873693e-01
Dual infeasibility......:   8.9842722471424894e-17    8.9842722471424894e-17
Constraint violation....:   0.0000000000000000e+00    0.0000000000000000e+00
Complementarity.........:   5.0000022333723057e-13    5.0000022333723057e-13
Overall NLP error.......:   5.0000022333723057e-13    5.0000022333723057e-13


Number of objective function evaluations             = 8
Number of objective gradient evaluations             = 8
Number of equality constraint evaluations            = 0
Number of inequality constraint evaluations          = 0
Number of equality constraint Jacobian evaluations   = 0
Number of inequality constraint Jacobian evaluations = 0
Number of Lagrangian Hessian evaluations             = 7
Total CPU secs in IPOPT (w/o function evaluations)   =      0.009
Total CPU secs in NLP function evaluations           =      0.003

EXIT: Optimal Solution Found.
This is Ipopt version 3.11.9, running with linear solver ma57.

Number of nonzeros in equality constraint Jacobian...:        0
Number of nonzeros in inequality constraint Jacobian.:        0
Number of nonzeros in Lagrangian Hessian.............:     9221

Total number of variables............................:      806
                     variables with only lower bounds:        0
                variables with lower and upper bounds:      806
                     variables with only upper bounds:        0
Total number of equality constraints.................:        0
Total number of inequality constraints...............:        0
        inequality constraints with only lower bounds:        0
   inequality constraints with lower and upper bounds:        0
        inequality constraints with only upper bounds:        0

iter    objective    inf_pr   inf_du lg(mu)  ||d||  lg(rg) alpha_du alpha_pr  ls
   0  2.4724243e-01 0.00e+00 1.52e-02   0.0 0.00e+00    -  0.00e+00 0.00e+00   0
   1  2.4741636e-01 0.00e+00 1.77e-05  -0.7 1.41e-01    -  9.98e-01 1.00e+00f  1
   2  2.3174742e-01 0.00e+00 9.17e-05  -2.7 1.45e-01    -  9.90e-01 1.00e+00f  1
   3  2.3150420e-01 0.00e+00 1.58e-05  -8.4 1.04e-01    -  9.82e-01 1.00e+00f  1
   4  2.3148072e-01 0.00e+00 1.09e-05  -5.7 3.51e-01    -  1.00e+00 1.00e+00f  1
   5  2.3147965e-01 0.00e+00 7.35e-07 -11.7 7.61e-02    -  9.93e-01 1.00e+00f  1
   6  2.3147965e-01 0.00e+00 7.38e-10 -12.3 5.93e-03    -  1.00e+00 1.00e+00f  1
   7  2.3147965e-01 0.00e+00 2.72e-14 -12.3 2.47e-05    -  1.00e+00 1.00e+00f  1

Number of Iterations....: 7

                                   (scaled)                 (unscaled)
Objective...............:   2.3147964999287346e-01    2.3147964999287346e-01
Dual infeasibility......:   2.7155880296751049e-14    2.7155880296751049e-14
Constraint violation....:   0.0000000000000000e+00    0.0000000000000000e+00
Complementarity.........:   5.0007260668485749e-13    5.0007260668485749e-13
Overall NLP error.......:   5.0007260668485749e-13    5.0007260668485749e-13


Number of objective function evaluations             = 8
Number of objective gradient evaluations             = 8
Number of equality constraint evaluations            = 0
Number of inequality constraint evaluations          = 0
Number of equality constraint Jacobian evaluations   = 0
Number of inequality constraint Jacobian evaluations = 0
Number of Lagrangian Hessian evaluations             = 7
Total CPU secs in IPOPT (w/o function evaluations)   =      0.011
Total CPU secs in NLP function evaluations           =      0.002

EXIT: Optimal Solution Found.
This is Ipopt version 3.11.9, running with linear solver ma57.

Number of nonzeros in equality constraint Jacobian...:        0
Number of nonzeros in inequality constraint Jacobian.:        0
Number of nonzeros in Lagrangian Hessian.............:     9221

Total number of variables............................:      806
                     variables with only lower bounds:        0
                variables with lower and upper bounds:      806
                     variables with only upper bounds:        0
Total number of equality constraints.................:        0
Total number of inequality constraints...............:        0
        inequality constraints with only lower bounds:        0
   inequality constraints with lower and upper bounds:        0
        inequality constraints with only upper bounds:        0

iter    objective    inf_pr   inf_du lg(mu)  ||d||  lg(rg) alpha_du alpha_pr  ls
   0  3.9757935e-01 0.00e+00 2.51e-02   0.0 0.00e+00    -  0.00e+00 0.00e+00   0
   1  3.8443429e-01 0.00e+00 5.48e-05  -0.7 1.36e-01    -  9.96e-01 1.00e+00f  1
   2  3.6314159e-01 0.00e+00 1.34e-04  -2.7 1.58e-01    -  9.90e-01 1.00e+00f  1
   3  3.6278992e-01 0.00e+00 8.10e-06  -4.4 1.38e-01    -  9.93e-01 1.00e+00f  1
   4  3.6273668e-01 0.00e+00 3.06e-05  -6.0 3.80e-01    -  9.92e-01 1.00e+00f  1
   5  3.6273345e-01 0.00e+00 6.43e-06  -7.9 1.88e-01    -  9.99e-01 1.00e+00f  1
   6  3.6273339e-01 0.00e+00 8.35e-08  -9.9 2.61e-02    -  1.00e+00 1.00e+00f  1
   7  3.6273339e-01 0.00e+00 1.60e-10 -12.3 9.63e-04    -  1.00e+00 1.00e+00f  1
   8  3.6273339e-01 0.00e+00 1.05e-16 -12.3 6.86e-07    -  1.00e+00 1.00e+00f  1

Number of Iterations....: 8

                                   (scaled)                 (unscaled)
Objective...............:   3.6273338587449672e-01    3.6273338587449672e-01
Dual infeasibility......:   1.0520504164019101e-16    1.0520504164019101e-16
Constraint violation....:   0.0000000000000000e+00    0.0000000000000000e+00
Complementarity.........:   5.0000000064475648e-13    5.0000000064475648e-13
Overall NLP error.......:   5.0000000064475648e-13    5.0000000064475648e-13


Number of objective function evaluations             = 9
Number of objective gradient evaluations             = 9
Number of equality constraint evaluations            = 0
Number of inequality constraint evaluations          = 0
Number of equality constraint Jacobian evaluations   = 0
Number of inequality constraint Jacobian evaluations = 0
Number of Lagrangian Hessian evaluations             = 8
Total CPU secs in IPOPT (w/o function evaluations)   =      0.012
Total CPU secs in NLP function evaluations           =      0.002

EXIT: Optimal Solution Found.
This is Ipopt version 3.11.9, running with linear solver ma57.

Number of nonzeros in equality constraint Jacobian...:        0
Number of nonzeros in inequality constraint Jacobian.:        0
Number of nonzeros in Lagrangian Hessian.............:     9221

Total number of variables............................:      806
                     variables with only lower bounds:        0
                variables with lower and upper bounds:      806
                     variables with only upper bounds:        0
Total number of equality constraints.................:        0
Total number of inequality constraints...............:        0
        inequality constraints with only lower bounds:        0
   inequality constraints with lower and upper bounds:        0
        inequality constraints with only upper bounds:        0

iter    objective    inf_pr   inf_du lg(mu)  ||d||  lg(rg) alpha_du alpha_pr  ls
   0  5.7136379e-01 0.00e+00 3.71e-02   0.0 0.00e+00    -  0.00e+00 0.00e+00   0
   1  5.3873177e-01 0.00e+00 8.93e-05  -0.7 1.41e-01    -  9.94e-01 1.00e+00f  1
   2  5.1330856e-01 0.00e+00 2.63e-04  -6.6 1.55e-01    -  9.83e-01 1.00e+00f  1
   3  5.1310981e-01 0.00e+00 9.10e-06  -4.4 1.09e-01    -  9.92e-01 1.00e+00f  1
   4  5.1305374e-01 0.00e+00 5.25e-05  -5.8 4.16e-01    -  9.99e-01 1.00e+00f  1
   5  5.1304876e-01 0.00e+00 2.01e-05  -7.6 2.12e-01    -  1.00e+00 1.00e+00f  1
   6  5.1304861e-01 0.00e+00 3.88e-07  -9.7 3.27e-02    -  1.00e+00 1.00e+00f  1
   7  5.1304861e-01 0.00e+00 9.76e-10 -12.3 1.55e-03    -  1.00e+00 1.00e+00f  1
   8  5.1304861e-01 0.00e+00 9.80e-16 -12.3 1.63e-06    -  1.00e+00 1.00e+00f  1

Number of Iterations....: 8

                                   (scaled)                 (unscaled)
Objective...............:   5.1304860951888653e-01    5.1304860951888653e-01
Dual infeasibility......:   9.7968870063114097e-16    9.7968870063114097e-16
Constraint violation....:   0.0000000000000000e+00    0.0000000000000000e+00
Complementarity.........:   5.0000001187494388e-13    5.0000001187494388e-13
Overall NLP error.......:   5.0000001187494388e-13    5.0000001187494388e-13


Number of objective function evaluations             = 9
Number of objective gradient evaluations             = 9
Number of equality constraint evaluations            = 0
Number of inequality constraint evaluations          = 0
Number of equality constraint Jacobian evaluations   = 0
Number of inequality constraint Jacobian evaluations = 0
Number of Lagrangian Hessian evaluations             = 8
Total CPU secs in IPOPT (w/o function evaluations)   =      0.010
Total CPU secs in NLP function evaluations           =      0.005

EXIT: Optimal Solution Found.
This is Ipopt version 3.11.9, running with linear solver ma57.

Number of nonzeros in equality constraint Jacobian...:        0
Number of nonzeros in inequality constraint Jacobian.:        0
Number of nonzeros in Lagrangian Hessian.............:     9221

Total number of variables............................:      806
                     variables with only lower bounds:        0
                variables with lower and upper bounds:      806
                     variables with only upper bounds:        0
Total number of equality constraints.................:        0
Total number of inequality constraints...............:        0
        inequality constraints with only lower bounds:        0
   inequality constraints with lower and upper bounds:        0
        inequality constraints with only upper bounds:        0

iter    objective    inf_pr   inf_du lg(mu)  ||d||  lg(rg) alpha_du alpha_pr  ls
   0  7.3182338e-01 0.00e+00 4.88e-02   0.0 0.00e+00    -  0.00e+00 0.00e+00   0
   1  6.8263922e-01 0.00e+00 8.49e-05  -0.7 1.51e-01    -  9.95e-01 1.00e+00f  1
   2  6.5807651e-01 0.00e+00 2.71e-04  -6.6 1.68e-01    -  9.83e-01 1.00e+00f  1
   3  6.5784841e-01 0.00e+00 1.56e-05  -8.3 8.02e-02    -  9.86e-01 1.00e+00f  1
   4  6.5782199e-01 0.00e+00 7.06e-05  -6.1 2.82e-01    -  9.98e-01 1.00e+00f  1
   5  6.5782126e-01 0.00e+00 2.00e-06  -8.1 4.44e-02    -  1.00e+00 1.00e+00f  1
   6  6.5782126e-01 0.00e+00 6.10e-09 -12.3 2.65e-03    -  1.00e+00 1.00e+00f  1
   7  6.5782126e-01 0.00e+00 1.87e-14 -12.3 4.67e-06    -  1.00e+00 1.00e+00f  1

Number of Iterations....: 7

                                   (scaled)                 (unscaled)
Objective...............:   6.5782126321623924e-01    6.5782126321623924e-01
Dual infeasibility......:   1.8691927473266707e-14    1.8691927473266707e-14
Constraint violation....:   0.0000000000000000e+00    0.0000000000000000e+00
Complementarity.........:   5.0000472134979139e-13    5.0000472134979139e-13
Overall NLP error.......:   5.0000472134979139e-13    5.0000472134979139e-13


Number of objective function evaluations             = 8
Number of objective gradient evaluations             = 8
Number of equality constraint evaluations            = 0
Number of inequality constraint evaluations          = 0
Number of equality constraint Jacobian evaluations   = 0
Number of inequality constraint Jacobian evaluations = 0
Number of Lagrangian Hessian evaluations             = 7
Total CPU secs in IPOPT (w/o function evaluations)   =      0.008
Total CPU secs in NLP function evaluations           =      0.003

EXIT: Optimal Solution Found.
This is Ipopt version 3.11.9, running with linear solver ma57.

Number of nonzeros in equality constraint Jacobian...:        0
Number of nonzeros in inequality constraint Jacobian.:        0
Number of nonzeros in Lagrangian Hessian.............:     9221

Total number of variables............................:      806
                     variables with only lower bounds:        0
                variables with lower and upper bounds:      806
                     variables with only upper bounds:        0
Total number of equality constraints.................:        0
Total number of inequality constraints...............:        0
        inequality constraints with only lower bounds:        0
   inequality constraints with lower and upper bounds:        0
        inequality constraints with only upper bounds:        0

iter    objective    inf_pr   inf_du lg(mu)  ||d||  lg(rg) alpha_du alpha_pr  ls
   0  8.5188828e-01 0.00e+00 5.80e-02   0.0 0.00e+00    -  0.00e+00 0.00e+00   0
   1  7.9846463e-01 0.00e+00 5.63e-05  -0.7 1.52e-01    -  9.96e-01 1.00e+00f  1
   2  7.7774103e-01 0.00e+00 2.50e-04  -6.6 1.55e-01    -  9.83e-01 1.00e+00f  1
   3  7.7748583e-01 0.00e+00 1.38e-05  -8.4 9.72e-02    -  9.88e-01 1.00e+00f  1
   4  7.7747540e-01 0.00e+00 2.46e-05 -10.3 1.02e-01    -  9.93e-01 1.00e+00f  1
   5  7.7747537e-01 0.00e+00 7.18e-08 -12.3 6.31e-03    -  1.00e+00 1.00e+00f  1
   6  7.7747537e-01 0.00e+00 4.69e-12 -12.3 5.01e-05    -  1.00e+00 1.00e+00f  1
   7  7.7747537e-01 0.00e+00 5.30e-16 -12.3 1.56e-09    -  1.00e+00 1.00e+00f  1

Number of Iterations....: 7

                                   (scaled)                 (unscaled)
Objective...............:   7.7747537110850251e-01    7.7747537110850251e-01
Dual infeasibility......:   5.2963194129421027e-16    5.2963194129421027e-16
Constraint violation....:   0.0000000000000000e+00    0.0000000000000000e+00
Complementarity.........:   5.0000000000141524e-13    5.0000000000141524e-13
Overall NLP error.......:   5.0000000000141524e-13    5.0000000000141524e-13


Number of objective function evaluations             = 8
Number of objective gradient evaluations             = 8
Number of equality constraint evaluations            = 0
Number of inequality constraint evaluations          = 0
Number of equality constraint Jacobian evaluations   = 0
Number of inequality constraint Jacobian evaluations = 0
Number of Lagrangian Hessian evaluations             = 7
Total CPU secs in IPOPT (w/o function evaluations)   =      0.010
Total CPU secs in NLP function evaluations           =      0.003

EXIT: Optimal Solution Found.
This is Ipopt version 3.11.9, running with linear solver ma57.

Number of nonzeros in equality constraint Jacobian...:        0
Number of nonzeros in inequality constraint Jacobian.:        0
Number of nonzeros in Lagrangian Hessian.............:     9221

Total number of variables............................:      806
                     variables with only lower bounds:        0
                variables with lower and upper bounds:      806
                     variables with only upper bounds:        0
Total number of equality constraints.................:        0
Total number of inequality constraints...............:        0
        inequality constraints with only lower bounds:        0
   inequality constraints with lower and upper bounds:        0
        inequality constraints with only upper bounds:        0

iter    objective    inf_pr   inf_du lg(mu)  ||d||  lg(rg) alpha_du alpha_pr  ls
   0  9.2697738e-01 0.00e+00 6.42e-02   0.0 0.00e+00    -  0.00e+00 0.00e+00   0
   1  8.8190846e-01 0.00e+00 5.82e-05  -0.7 1.53e-01    -  9.97e-01 1.00e+00f  1
   2  8.6507956e-01 0.00e+00 2.43e-04  -6.6 1.27e-01    -  9.84e-01 1.00e+00f  1
   3  8.6475915e-01 0.00e+00 3.02e-05  -8.4 1.14e-01    -  9.89e-01 1.00e+00f  1
   4  8.6475357e-01 0.00e+00 6.54e-06 -10.4 3.88e-02    -  9.98e-01 1.00e+00f  1
   5  8.6475356e-01 0.00e+00 1.73e-09 -12.3 6.57e-04    -  1.00e+00 1.00e+00f  1
   6  8.6475356e-01 0.00e+00 1.67e-15 -12.3 6.60e-07    -  1.00e+00 1.00e+00f  1

Number of Iterations....: 6

                                   (scaled)                 (unscaled)
Objective...............:   8.6475356425400218e-01    8.6475356425400218e-01
Dual infeasibility......:   1.6717698559480704e-15    1.6717698559480704e-15
Constraint violation....:   0.0000000000000000e+00    0.0000000000000000e+00
Complementarity.........:   5.0000429705061649e-13    5.0000429705061649e-13
Overall NLP error.......:   5.0000429705061649e-13    5.0000429705061649e-13


Number of objective function evaluations             = 7
Number of objective gradient evaluations             = 7
Number of equality constraint evaluations            = 0
Number of inequality constraint evaluations          = 0
Number of equality constraint Jacobian evaluations   = 0
Number of inequality constraint Jacobian evaluations = 0
Number of Lagrangian Hessian evaluations             = 6
Total CPU secs in IPOPT (w/o function evaluations)   =      0.007
Total CPU secs in NLP function evaluations           =      0.004

EXIT: Optimal Solution Found.
This is Ipopt version 3.11.9, running with linear solver ma57.

Number of nonzeros in equality constraint Jacobian...:        0
Number of nonzeros in inequality constraint Jacobian.:        0
Number of nonzeros in Lagrangian Hessian.............:     9221

Total number of variables............................:      806
                     variables with only lower bounds:        0
                variables with lower and upper bounds:      806
                     variables with only upper bounds:        0
Total number of equality constraints.................:        0
Total number of inequality constraints...............:        0
        inequality constraints with only lower bounds:        0
   inequality constraints with lower and upper bounds:        0
        inequality constraints with only upper bounds:        0

iter    objective    inf_pr   inf_du lg(mu)  ||d||  lg(rg) alpha_du alpha_pr  ls
   0  9.6801443e-01 0.00e+00 6.82e-02   0.0 0.00e+00    -  0.00e+00 0.00e+00   0
   1  9.3794737e-01 0.00e+00 8.84e-05  -0.7 1.46e-01    -  9.98e-01 1.00e+00f  1
   2  9.2324935e-01 0.00e+00 1.96e-04  -6.6 1.06e-01    -  9.86e-01 1.00e+00f  1
   3  9.2283037e-01 0.00e+00 7.00e-05  -8.5 1.16e-01    -  9.90e-01 1.00e+00f  1
   4  9.2282736e-01 0.00e+00 1.47e-06 -10.5 1.36e-02    -  9.99e-01 1.00e+00f  1
   5  9.2282736e-01 0.00e+00 2.56e-11 -12.3 1.13e-04    -  1.00e+00 1.00e+00f  1
   6  9.2282736e-01 0.00e+00 2.87e-15 -12.3 9.94e-09    -  1.00e+00 1.00e+00f  1

Number of Iterations....: 6

                                   (scaled)                 (unscaled)
Objective...............:   9.2282735788957937e-01    9.2282735788957937e-01
Dual infeasibility......:   2.8695654521551039e-15    2.8695654521551039e-15
Constraint violation....:   0.0000000000000000e+00    0.0000000000000000e+00
Complementarity.........:   5.0000000081425803e-13    5.0000000081425803e-13
Overall NLP error.......:   5.0000000081425803e-13    5.0000000081425803e-13


Number of objective function evaluations             = 7
Number of objective gradient evaluations             = 7
Number of equality constraint evaluations            = 0
Number of inequality constraint evaluations          = 0
Number of equality constraint Jacobian evaluations   = 0
Number of inequality constraint Jacobian evaluations = 0
Number of Lagrangian Hessian evaluations             = 6
Total CPU secs in IPOPT (w/o function evaluations)   =      0.009
Total CPU secs in NLP function evaluations           =      0.002

EXIT: Optimal Solution Found.
This is Ipopt version 3.11.9, running with linear solver ma57.

Number of nonzeros in equality constraint Jacobian...:        0
Number of nonzeros in inequality constraint Jacobian.:        0
Number of nonzeros in Lagrangian Hessian.............:     9221

Total number of variables............................:      806
                     variables with only lower bounds:        0
                variables with lower and upper bounds:      806
                     variables with only upper bounds:        0
Total number of equality constraints.................:        0
Total number of inequality constraints...............:        0
        inequality constraints with only lower bounds:        0
   inequality constraints with lower and upper bounds:        0
        inequality constraints with only upper bounds:        0

iter    objective    inf_pr   inf_du lg(mu)  ||d||  lg(rg) alpha_du alpha_pr  ls
   0  9.8906373e-01 0.00e+00 7.07e-02   0.0 0.00e+00    -  0.00e+00 0.00e+00   0
   1  9.7423230e-01 0.00e+00 1.19e-04  -0.7 1.35e-01    -  1.00e+00 1.00e+00f  1
   2  9.5976201e-01 0.00e+00 2.61e-04  -6.7 9.40e-02    -  9.86e-01 1.00e+00f  1
   3  9.5925332e-01 0.00e+00 1.27e-04  -8.6 1.03e-01    -  9.91e-01 1.00e+00f  1
   4  9.5925185e-01 0.00e+00 4.54e-07 -10.6 8.17e-03    -  9.99e-01 1.00e+00f  1
   5  9.5925185e-01 0.00e+00 2.08e-11 -12.3 7.45e-05    -  1.00e+00 1.00e+00f  1
   6  9.5925185e-01 0.00e+00 4.16e-15 -12.3 5.01e-09    -  1.00e+00 1.00e+00f  1

Number of Iterations....: 6

                                   (scaled)                 (unscaled)
Objective...............:   9.5925185488988463e-01    9.5925185488988463e-01
Dual infeasibility......:   4.1608569460492553e-15    4.1608569460492553e-15
Constraint violation....:   0.0000000000000000e+00    0.0000000000000000e+00
Complementarity.........:   5.0000000012831325e-13    5.0000000012831325e-13
Overall NLP error.......:   5.0000000012831325e-13    5.0000000012831325e-13


Number of objective function evaluations             = 7
Number of objective gradient evaluations             = 7
Number of equality constraint evaluations            = 0
Number of inequality constraint evaluations          = 0
Number of equality constraint Jacobian evaluations   = 0
Number of inequality constraint Jacobian evaluations = 0
Number of Lagrangian Hessian evaluations             = 6
Total CPU secs in IPOPT (w/o function evaluations)   =      0.009
Total CPU secs in NLP function evaluations           =      0.002

EXIT: Optimal Solution Found.
This is Ipopt version 3.11.9, running with linear solver ma57.

Number of nonzeros in equality constraint Jacobian...:        0
Number of nonzeros in inequality constraint Jacobian.:        0
Number of nonzeros in Lagrangian Hessian.............:     9221

Total number of variables............................:      806
                     variables with only lower bounds:        0
                variables with lower and upper bounds:      806
                     variables with only upper bounds:        0
Total number of equality constraints.................:        0
Total number of inequality constraints...............:        0
        inequality constraints with only lower bounds:        0
   inequality constraints with lower and upper bounds:        0
        inequality constraints with only upper bounds:        0

iter    objective    inf_pr   inf_du lg(mu)  ||d||  lg(rg) alpha_du alpha_pr  ls
   0  9.9990296e-01 0.00e+00 7.22e-02   0.0 0.00e+00    -  0.00e+00 0.00e+00   0
   1  9.8791094e-01 0.00e+00 8.89e-05  -0.9 8.45e-02    -  9.96e-01 1.00e+00f  1
   2  9.8156101e-01 0.00e+00 1.80e-04  -6.7 5.34e-02    -  9.88e-01 1.00e+00f  1
   3  9.8132430e-01 0.00e+00 1.13e-04  -8.6 6.09e-02    -  9.93e-01 1.00e+00f  1
   4  9.8132400e-01 0.00e+00 2.26e-07 -10.8 6.72e-03    -  9.99e-01 1.00e+00f  1
   5  9.8132400e-01 0.00e+00 1.13e-12 -12.3 1.29e-05    -  1.00e+00 1.00e+00f  1
   6  9.8132400e-01 0.00e+00 1.08e-14 -12.3 5.16e-10    -  1.00e+00 1.00e+00f  1

Number of Iterations....: 6

                                   (scaled)                 (unscaled)
Objective...............:   9.8132399878691523e-01    9.8132399878691523e-01
Dual infeasibility......:   1.0846584272897553e-14    1.0846584272897553e-14
Constraint violation....:   0.0000000000000000e+00    0.0000000000000000e+00
Complementarity.........:   5.0000000000076537e-13    5.0000000000076537e-13
Overall NLP error.......:   5.0000000000076537e-13    5.0000000000076537e-13


Number of objective function evaluations             = 7
Number of objective gradient evaluations             = 7
Number of equality constraint evaluations            = 0
Number of inequality constraint evaluations          = 0
Number of equality constraint Jacobian evaluations   = 0
Number of inequality constraint Jacobian evaluations = 0
Number of Lagrangian Hessian evaluations             = 6
Total CPU secs in IPOPT (w/o function evaluations)   =      0.008
Total CPU secs in NLP function evaluations           =      0.005

EXIT: Optimal Solution Found.
This is Ipopt version 3.11.9, running with linear solver ma57.

Number of nonzeros in equality constraint Jacobian...:        0
Number of nonzeros in inequality constraint Jacobian.:        0
Number of nonzeros in Lagrangian Hessian.............:     9221

Total number of variables............................:      806
                     variables with only lower bounds:        0
                variables with lower and upper bounds:      806
                     variables with only upper bounds:        0
Total number of equality constraints.................:        0
Total number of inequality constraints...............:        0
        inequality constraints with only lower bounds:        0
   inequality constraints with lower and upper bounds:        0
        inequality constraints with only upper bounds:        0

iter    objective    inf_pr   inf_du lg(mu)  ||d||  lg(rg) alpha_du alpha_pr  ls
   0  1.0056442e+00 0.00e+00 7.33e-02   0.0 0.00e+00    -  0.00e+00 0.00e+00   0
   1  1.0014454e+00 0.00e+00 1.94e-04  -0.9 7.60e-02    -  9.96e-01 1.00e+00f  1
   2  9.9464918e-01 0.00e+00 1.93e-04  -6.7 4.80e-02    -  9.88e-01 1.00e+00f  1
   3  9.9440922e-01 0.00e+00 1.68e-04  -8.7 6.86e-02    -  9.93e-01 1.00e+00f  1
   4  9.9440898e-01 0.00e+00 6.91e-07 -10.8 6.55e-03    -  9.99e-01 1.00e+00f  1
   5  9.9440898e-01 0.00e+00 1.55e-13 -12.3 3.64e-06    -  1.00e+00 1.00e+00f  1

Number of Iterations....: 5

                                   (scaled)                 (unscaled)
Objective...............:   9.9440897649152327e-01    9.9440897649152327e-01
Dual infeasibility......:   1.5467986880275178e-13    1.5467986880275178e-13
Constraint violation....:   0.0000000000000000e+00    0.0000000000000000e+00
Complementarity.........:   5.0638012977209096e-13    5.0638012977209096e-13
Overall NLP error.......:   5.0638012977209096e-13    5.0638012977209096e-13


Number of objective function evaluations             = 6
Number of objective gradient evaluations             = 6
Number of equality constraint evaluations            = 0
Number of inequality constraint evaluations          = 0
Number of equality constraint Jacobian evaluations   = 0
Number of inequality constraint Jacobian evaluations = 0
Number of Lagrangian Hessian evaluations             = 5
Total CPU secs in IPOPT (w/o function evaluations)   =      0.008
Total CPU secs in NLP function evaluations           =      0.002

EXIT: Optimal Solution Found.
This is Ipopt version 3.11.9, running with linear solver ma57.

Number of nonzeros in equality constraint Jacobian...:        0
Number of nonzeros in inequality constraint Jacobian.:        0
Number of nonzeros in Lagrangian Hessian.............:     9221

Total number of variables............................:      806
                     variables with only lower bounds:        0
                variables with lower and upper bounds:      806
                     variables with only upper bounds:        0
Total number of equality constraints.................:        0
Total number of inequality constraints...............:        0
        inequality constraints with only lower bounds:        0
   inequality constraints with lower and upper bounds:        0
        inequality constraints with only upper bounds:        0

iter    objective    inf_pr   inf_du lg(mu)  ||d||  lg(rg) alpha_du alpha_pr  ls
   0  1.0086675e+00 0.00e+00 7.40e-02   0.0 0.00e+00    -  0.00e+00 0.00e+00   0
   1  1.0024487e+00 0.00e+00 2.64e-05  -4.8 1.52e-02    -  9.88e-01 1.00e+00f  1
   2  1.0020448e+00 0.00e+00 1.26e-04  -6.8 3.23e-02    -  9.88e-01 1.00e+00f  1
   3  1.0019967e+00 0.00e+00 2.25e-04  -8.7 5.02e-02    -  9.93e-01 1.00e+00f  1
   4  1.0019967e+00 0.00e+00 4.02e-07 -10.9 3.03e-03    -  1.00e+00 1.00e+00f  1
   5  1.0019967e+00 0.00e+00 2.19e-13 -12.3 1.98e-06    -  1.00e+00 1.00e+00f  1

Number of Iterations....: 5

                                   (scaled)                 (unscaled)
Objective...............:   1.0019967011950206e+00    1.0019967011950206e+00
Dual infeasibility......:   2.1871037004707170e-13    2.1871037004707170e-13
Constraint violation....:   0.0000000000000000e+00    0.0000000000000000e+00
Complementarity.........:   5.0202734900461901e-13    5.0202734900461901e-13
Overall NLP error.......:   5.0202734900461901e-13    5.0202734900461901e-13


Number of objective function evaluations             = 6
Number of objective gradient evaluations             = 6
Number of equality constraint evaluations            = 0
Number of inequality constraint evaluations          = 0
Number of equality constraint Jacobian evaluations   = 0
Number of inequality constraint Jacobian evaluations = 0
Number of Lagrangian Hessian evaluations             = 5
Total CPU secs in IPOPT (w/o function evaluations)   =      0.007
Total CPU secs in NLP function evaluations           =      0.002

EXIT: Optimal Solution Found.
This is Ipopt version 3.11.9, running with linear solver ma57.

Number of nonzeros in equality constraint Jacobian...:        0
Number of nonzeros in inequality constraint Jacobian.:        0
Number of nonzeros in Lagrangian Hessian.............:     9221

Total number of variables............................:      806
                     variables with only lower bounds:        0
                variables with lower and upper bounds:      806
                     variables with only upper bounds:        0
Total number of equality constraints.................:        0
Total number of inequality constraints...............:        0
        inequality constraints with only lower bounds:        0
   inequality constraints with lower and upper bounds:        0
        inequality constraints with only upper bounds:        0

iter    objective    inf_pr   inf_du lg(mu)  ||d||  lg(rg) alpha_du alpha_pr  ls
   0  1.0101452e+00 0.00e+00 7.44e-02   0.0 0.00e+00    -  0.00e+00 0.00e+00   0
   1  1.0065920e+00 0.00e+00 1.53e-05  -4.8 9.93e-03    -  9.89e-01 1.00e+00f  1
   2  1.0063033e+00 0.00e+00 2.75e-04  -6.8 3.35e-02    -  9.88e-01 1.00e+00f  1
   3  1.0062723e+00 0.00e+00 1.86e-04  -8.7 3.14e-02    -  9.95e-01 1.00e+00f  1
   4  1.0062723e+00 0.00e+00 1.20e-07 -11.0 1.16e-03    -  1.00e+00 1.00e+00f  1
   5  1.0062723e+00 0.00e+00 7.39e-14 -12.3 2.93e-07    -  1.00e+00 1.00e+00f  1

Number of Iterations....: 5

                                   (scaled)                 (unscaled)
Objective...............:   1.0062723315562354e+00    1.0062723315562354e+00
Dual infeasibility......:   7.3928173008494443e-14    7.3928173008494443e-14
Constraint violation....:   0.0000000000000000e+00    0.0000000000000000e+00
Complementarity.........:   5.0011511839629547e-13    5.0011511839629547e-13
Overall NLP error.......:   5.0011511839629547e-13    5.0011511839629547e-13


Number of objective function evaluations             = 6
Number of objective gradient evaluations             = 6
Number of equality constraint evaluations            = 0
Number of inequality constraint evaluations          = 0
Number of equality constraint Jacobian evaluations   = 0
Number of inequality constraint Jacobian evaluations = 0
Number of Lagrangian Hessian evaluations             = 5
Total CPU secs in IPOPT (w/o function evaluations)   =      0.005
Total CPU secs in NLP function evaluations           =      0.005

EXIT: Optimal Solution Found.
This is Ipopt version 3.11.9, running with linear solver ma57.

Number of nonzeros in equality constraint Jacobian...:        0
Number of nonzeros in inequality constraint Jacobian.:        0
Number of nonzeros in Lagrangian Hessian.............:     9221

Total number of variables............................:      806
                     variables with only lower bounds:        0
                variables with lower and upper bounds:      806
                     variables with only upper bounds:        0
Total number of equality constraints.................:        0
Total number of inequality constraints...............:        0
        inequality constraints with only lower bounds:        0
   inequality constraints with lower and upper bounds:        0
        inequality constraints with only upper bounds:        0

iter    objective    inf_pr   inf_du lg(mu)  ||d||  lg(rg) alpha_du alpha_pr  ls
   0  1.0107833e+00 0.00e+00 7.47e-02   0.0 0.00e+00    -  0.00e+00 0.00e+00   0
   1  1.0088131e+00 0.00e+00 9.07e-06  -4.8 6.18e-03    -  9.89e-01 1.00e+00f  1
   2  1.0086182e+00 0.00e+00 3.78e-04  -6.8 2.80e-02    -  9.88e-01 1.00e+00f  1
   3  1.0086052e+00 0.00e+00 9.95e-05  -8.7 1.54e-02    -  9.96e-01 1.00e+00f  1
   4  1.0086052e+00 0.00e+00 1.80e-08 -11.1 3.18e-04    -  1.00e+00 1.00e+00f  1
   5  1.0086052e+00 0.00e+00 1.36e-13 -12.3 3.92e-08    -  1.00e+00 1.00e+00f  1

Number of Iterations....: 5

                                   (scaled)                 (unscaled)
Objective...............:   1.0086051704750443e+00    1.0086051704750443e+00
Dual infeasibility......:   1.3638661621656616e-13    1.3638661621656616e-13
Constraint violation....:   0.0000000000000000e+00    0.0000000000000000e+00
Complementarity.........:   5.0000405444484392e-13    5.0000405444484392e-13
Overall NLP error.......:   5.0000405444484392e-13    5.0000405444484392e-13


Number of objective function evaluations             = 6
Number of objective gradient evaluations             = 6
Number of equality constraint evaluations            = 0
Number of inequality constraint evaluations          = 0
Number of equality constraint Jacobian evaluations   = 0
Number of inequality constraint Jacobian evaluations = 0
Number of Lagrangian Hessian evaluations             = 5
Total CPU secs in IPOPT (w/o function evaluations)   =      0.008
Total CPU secs in NLP function evaluations           =      0.003

EXIT: Optimal Solution Found.
This is Ipopt version 3.11.9, running with linear solver ma57.

Number of nonzeros in equality constraint Jacobian...:        0
Number of nonzeros in inequality constraint Jacobian.:        0
Number of nonzeros in Lagrangian Hessian.............:     9221

Total number of variables............................:      806
                     variables with only lower bounds:        0
                variables with lower and upper bounds:      806
                     variables with only upper bounds:        0
Total number of equality constraints.................:        0
Total number of inequality constraints...............:        0
        inequality constraints with only lower bounds:        0
   inequality constraints with lower and upper bounds:        0
        inequality constraints with only upper bounds:        0

iter    objective    inf_pr   inf_du lg(mu)  ||d||  lg(rg) alpha_du alpha_pr  ls
   0  1.0110247e+00 0.00e+00 7.49e-02   0.0 0.00e+00    -  0.00e+00 0.00e+00   0
   1  1.0099613e+00 0.00e+00 5.62e-06  -4.8 3.70e-03    -  9.90e-01 1.00e+00f  1
   2  1.0098454e+00 0.00e+00 3.63e-04  -6.8 1.95e-02    -  9.89e-01 1.00e+00f  1
   3  1.0098414e+00 0.00e+00 3.88e-05  -8.8 6.41e-03    -  9.97e-01 1.00e+00f  1
   4  1.0098414e+00 0.00e+00 1.42e-09 -11.3 6.40e-05    -  1.00e+00 1.00e+00f  1
   5  1.0098414e+00 0.00e+00 2.65e-13 -12.3 5.31e-09    -  1.00e+00 1.00e+00f  1

Number of Iterations....: 5

                                   (scaled)                 (unscaled)
Objective...............:   1.0098414403158433e+00    1.0098414403158433e+00
Dual infeasibility......:   2.6548231987555464e-13    2.6548231987555464e-13
Constraint violation....:   0.0000000000000000e+00    0.0000000000000000e+00
Complementarity.........:   5.0000011947971705e-13    5.0000011947971705e-13
Overall NLP error.......:   5.0000011947971705e-13    5.0000011947971705e-13


Number of objective function evaluations             = 6
Number of objective gradient evaluations             = 6
Number of equality constraint evaluations            = 0
Number of inequality constraint evaluations          = 0
Number of equality constraint Jacobian evaluations   = 0
Number of inequality constraint Jacobian evaluations = 0
Number of Lagrangian Hessian evaluations             = 5
Total CPU secs in IPOPT (w/o function evaluations)   =      0.007
Total CPU secs in NLP function evaluations           =      0.003

EXIT: Optimal Solution Found.
This is Ipopt version 3.11.9, running with linear solver ma57.

Number of nonzeros in equality constraint Jacobian...:        0
Number of nonzeros in inequality constraint Jacobian.:        0
Number of nonzeros in Lagrangian Hessian.............:     9221

Total number of variables............................:      806
                     variables with only lower bounds:        0
                variables with lower and upper bounds:      806
                     variables with only upper bounds:        0
Total number of equality constraints.................:        0
Total number of inequality constraints...............:        0
        inequality constraints with only lower bounds:        0
   inequality constraints with lower and upper bounds:        0
        inequality constraints with only upper bounds:        0

iter    objective    inf_pr   inf_du lg(mu)  ||d||  lg(rg) alpha_du alpha_pr  ls
   0  1.0111065e+00 0.00e+00 7.50e-02   0.0 0.00e+00    -  0.00e+00 0.00e+00   0
   1  1.0105424e+00 0.00e+00 5.90e-06  -4.8 2.15e-03    -  9.90e-01 1.00e+00f  1
   2  1.0104832e+00 0.00e+00 2.62e-04  -6.8 1.17e-02    -  9.89e-01 1.00e+00f  1
   3  1.0104823e+00 0.00e+00 1.28e-05  -8.8 2.42e-03    -  9.97e-01 1.00e+00f  1
   4  1.0104823e+00 0.00e+00 1.88e-10 -11.3 7.27e-06    -  1.00e+00 1.00e+00f  1
   5  1.0104823e+00 0.00e+00 6.33e-13 -12.3 3.02e-10    -  1.00e+00 1.00e+00f  1

Number of Iterations....: 5

                                   (scaled)                 (unscaled)
Objective...............:   1.0104822628132226e+00    1.0104822628132226e+00
Dual infeasibility......:   6.3272960742773378e-13    6.3272960742773378e-13
Constraint violation....:   0.0000000000000000e+00    0.0000000000000000e+00
Complementarity.........:   5.0000000144774256e-13    5.0000000144774256e-13
Overall NLP error.......:   6.3272960742773378e-13    6.3272960742773378e-13


Number of objective function evaluations             = 6
Number of objective gradient evaluations             = 6
Number of equality constraint evaluations            = 0
Number of inequality constraint evaluations          = 0
Number of equality constraint Jacobian evaluations   = 0
Number of inequality constraint Jacobian evaluations = 0
Number of Lagrangian Hessian evaluations             = 5
Total CPU secs in IPOPT (w/o function evaluations)   =      0.007
Total CPU secs in NLP function evaluations           =      0.001

EXIT: Optimal Solution Found.
This is Ipopt version 3.11.9, running with linear solver ma57.

Number of nonzeros in equality constraint Jacobian...:        0
Number of nonzeros in inequality constraint Jacobian.:        0
Number of nonzeros in Lagrangian Hessian.............:     9221

Total number of variables............................:      806
                     variables with only lower bounds:        0
                variables with lower and upper bounds:      806
                     variables with only upper bounds:        0
Total number of equality constraints.................:        0
Total number of inequality constraints...............:        0
        inequality constraints with only lower bounds:        0
   inequality constraints with lower and upper bounds:        0
        inequality constraints with only upper bounds:        0

iter    objective    inf_pr   inf_du lg(mu)  ||d||  lg(rg) alpha_du alpha_pr  ls
   0  1.0111319e+00 0.00e+00 7.50e-02   0.0 0.00e+00    -  0.00e+00 0.00e+00   0
   1  1.0108353e+00 0.00e+00 7.18e-06  -4.8 1.41e-03    -  9.90e-01 1.00e+00f  1
   2  1.0108097e+00 0.00e+00 1.52e-04  -6.8 6.26e-03    -  9.90e-01 1.00e+00f  1
   3  1.0108095e+00 0.00e+00 5.70e-06  -8.8 9.84e-04    -  9.97e-01 1.00e+00f  1
   4  1.0108095e+00 0.00e+00 2.00e-10 -11.4 5.87e-06    -  1.00e+00 1.00e+00f  1
   5  1.0108095e+00 0.00e+00 1.18e-12 -12.3 6.30e-10    -  1.00e+00 1.00e+00f  1
   6  1.0108095e+00 0.00e+00 1.21e-12 -12.3 1.54e-12    -  1.00e+00 1.00e+00f  1
   7  1.0108095e+00 0.00e+00 1.20e-12 -12.3 1.65e-11    -  1.00e+00 1.00e+00f  1
   8  1.0108095e+00 0.00e+00 1.20e-12 -12.3 2.07e-11    -  1.00e+00 1.00e+00f  1
   9  1.0108095e+00 0.00e+00 7.99e-13 -12.3 1.58e-11    -  1.00e+00 1.00e+00f  1

Number of Iterations....: 9

                                   (scaled)                 (unscaled)
Objective...............:   1.0108094910122634e+00    1.0108094910122634e+00
Dual infeasibility......:   7.9893244536851963e-13    7.9893244536851963e-13
Constraint violation....:   0.0000000000000000e+00    0.0000000000000000e+00
Complementarity.........:   5.0000000000000019e-13    5.0000000000000019e-13
Overall NLP error.......:   7.9893244536851963e-13    7.9893244536851963e-13


Number of objective function evaluations             = 10
Number of objective gradient evaluations             = 10
Number of equality constraint evaluations            = 0
Number of inequality constraint evaluations          = 0
Number of equality constraint Jacobian evaluations   = 0
Number of inequality constraint Jacobian evaluations = 0
Number of Lagrangian Hessian evaluations             = 9
Total CPU secs in IPOPT (w/o function evaluations)   =      0.011
Total CPU secs in NLP function evaluations           =      0.005

EXIT: Optimal Solution Found.
This is Ipopt version 3.11.9, running with linear solver ma57.

Number of nonzeros in equality constraint Jacobian...:        0
Number of nonzeros in inequality constraint Jacobian.:        0
Number of nonzeros in Lagrangian Hessian.............:     9221

Total number of variables............................:      806
                     variables with only lower bounds:        0
                variables with lower and upper bounds:      806
                     variables with only upper bounds:        0
Total number of equality constraints.................:        0
Total number of inequality constraints...............:        0
        inequality constraints with only lower bounds:        0
   inequality constraints with lower and upper bounds:        0
        inequality constraints with only upper bounds:        0

iter    objective    inf_pr   inf_du lg(mu)  ||d||  lg(rg) alpha_du alpha_pr  ls
   0  1.0111392e+00 0.00e+00 7.51e-02   0.0 0.00e+00    -  0.00e+00 0.00e+00   0
   1  1.0109843e+00 0.00e+00 7.95e-06  -4.8 1.05e-03    -  9.90e-01 1.00e+00f  1
   2  1.0109751e+00 0.00e+00 7.43e-05  -6.8 3.05e-03    -  9.90e-01 1.00e+00f  1
   3  1.0109750e+00 0.00e+00 2.89e-06  -8.8 5.13e-04    -  9.97e-01 1.00e+00f  1
   4  1.0109750e+00 0.00e+00 1.49e-10 -11.4 4.41e-06    -  1.00e+00 1.00e+00f  1
   5  1.0109750e+00 0.00e+00 2.12e-12 -12.3 3.35e-10    -  1.00e+00 1.00e+00f  1
   6  1.0109750e+00 0.00e+00 2.29e-12 -12.3 1.92e-11    -  1.00e+00 1.00e+00f  1
   7  1.0109750e+00 0.00e+00 1.50e-12 -12.3 1.43e-11    -  1.00e+00 1.00e+00f  1
   8  1.0109750e+00 0.00e+00 2.13e-12 -12.3 2.79e-11    -  1.00e+00 1.00e+00f  1
   9  1.0109750e+00 0.00e+00 1.99e-12 -12.3 2.57e-11    -  1.00e+00 1.00e+00f  1
iter    objective    inf_pr   inf_du lg(mu)  ||d||  lg(rg) alpha_du alpha_pr  ls
  10  1.0109750e+00 0.00e+00 1.77e-12 -12.3 2.81e-12    -  1.00e+00 1.00e+00f  1
  11  1.0109750e+00 0.00e+00 1.98e-12 -12.3 2.07e-11    -  1.00e+00 1.00e+00f  1
  12  1.0109750e+00 0.00e+00 2.25e-12 -12.3 2.58e-12    -  1.00e+00 1.00e+00f  1
  13  1.0109750e+00 0.00e+00 2.97e-12 -12.3 2.48e-11    -  1.00e+00 1.00e+00f  1
  14  1.0109750e+00 0.00e+00 2.66e-12 -12.3 7.68e-12    -  1.00e+00 1.00e+00f  1
  15  1.0109750e+00 0.00e+00 2.52e-12 -12.3 1.11e-11    -  1.00e+00 1.00e+00f  1
  16  1.0109750e+00 0.00e+00 1.98e-12 -12.3 2.16e-11    -  1.00e+00 1.00e+00f  1
  17  1.0109750e+00 0.00e+00 1.95e-12 -12.3 3.04e-11    -  1.00e+00 1.00e+00f  1
  18  1.0109750e+00 0.00e+00 1.72e-12 -12.3 1.14e-11    -  1.00e+00 1.00e+00f  1

Number of Iterations....: 18

                                   (scaled)                 (unscaled)
Objective...............:   1.0109750256993237e+00    1.0109750256993237e+00
Dual infeasibility......:   1.7217103280317037e-12    1.7217103280317037e-12
Constraint violation....:   0.0000000000000000e+00    0.0000000000000000e+00
Complementarity.........:   5.0000000000000019e-13    5.0000000000000019e-13
Overall NLP error.......:   1.7217103280317037e-12    1.7217103280317037e-12


Number of objective function evaluations             = 19
Number of objective gradient evaluations             = 19
Number of equality constraint evaluations            = 0
Number of inequality constraint evaluations          = 0
Number of equality constraint Jacobian evaluations   = 0
Number of inequality constraint Jacobian evaluations = 0
Number of Lagrangian Hessian evaluations             = 18
Total CPU secs in IPOPT (w/o function evaluations)   =      0.025
Total CPU secs in NLP function evaluations           =      0.004

EXIT: Solved To Acceptable Level.
This is Ipopt version 3.11.9, running with linear solver ma57.

Number of nonzeros in equality constraint Jacobian...:        0
Number of nonzeros in inequality constraint Jacobian.:        0
Number of nonzeros in Lagrangian Hessian.............:     9221

Total number of variables............................:      806
                     variables with only lower bounds:        0
                variables with lower and upper bounds:      806
                     variables with only upper bounds:        0
Total number of equality constraints.................:        0
Total number of inequality constraints...............:        0
        inequality constraints with only lower bounds:        0
   inequality constraints with lower and upper bounds:        0
        inequality constraints with only upper bounds:        0

iter    objective    inf_pr   inf_du lg(mu)  ||d||  lg(rg) alpha_du alpha_pr  ls
   0  1.0111412e+00 0.00e+00 7.51e-02   0.0 0.00e+00    -  0.00e+00 0.00e+00   0
   1  1.0110610e+00 0.00e+00 7.56e-06  -4.8 7.34e-04    -  9.90e-01 1.00e+00f  1
   2  1.0110583e+00 0.00e+00 3.22e-05  -6.8 1.39e-03    -  9.90e-01 1.00e+00f  1
   3  1.0110583e+00 0.00e+00 1.50e-06  -8.8 2.61e-04    -  9.97e-01 1.00e+00f  1
   4  1.0110583e+00 0.00e+00 9.68e-11 -11.4 2.66e-06    -  1.00e+00 1.00e+00f  1
   5  1.0110583e+00 0.00e+00 4.06e-12 -12.3 9.41e-11    -  1.00e+00 1.00e+00f  1
   6  1.0110583e+00 0.00e+00 3.83e-12 -12.3 7.34e-12    -  1.00e+00 1.00e+00f  1
   7  1.0110583e+00 0.00e+00 5.28e-12 -12.3 1.09e-11    -  1.00e+00 1.00e+00f  1
   8  1.0110583e+00 0.00e+00 4.30e-12 -12.3 3.23e-11    -  1.00e+00 1.00e+00f  1
   9  1.0110583e+00 0.00e+00 3.72e-12 -12.3 1.72e-11    -  1.00e+00 1.00e+00f  1
iter    objective    inf_pr   inf_du lg(mu)  ||d||  lg(rg) alpha_du alpha_pr  ls
  10  1.0110583e+00 0.00e+00 5.63e-12 -12.3 2.16e-11    -  1.00e+00 1.00e+00f  1
  11  1.0110583e+00 0.00e+00 3.40e-12 -12.3 6.11e-12    -  1.00e+00 1.00e+00f  1
  12  1.0110583e+00 0.00e+00 3.79e-12 -12.3 9.87e-12    -  1.00e+00 1.00e+00f  1
  13  1.0110583e+00 0.00e+00 3.93e-12 -12.3 5.10e-12    -  1.00e+00 1.00e+00f  1
  14  1.0110583e+00 0.00e+00 4.17e-12 -12.3 8.66e-11    -  1.00e+00 1.00e+00f  1
  15  1.0110583e+00 0.00e+00 3.36e-12 -12.3 3.89e-11    -  1.00e+00 1.00e+00f  1
  16  1.0110583e+00 0.00e+00 4.80e-12 -12.3 1.06e-11    -  1.00e+00 1.00e+00f  1
  17  1.0110583e+00 0.00e+00 5.45e-12 -12.3 1.14e-11    -  1.00e+00 1.00e+00f  1
  18  1.0110583e+00 0.00e+00 4.50e-12 -12.3 4.33e-12    -  1.00e+00 1.00e+00f  1

Number of Iterations....: 18

                                   (scaled)                 (unscaled)
Objective...............:   1.0110583084677678e+00    1.0110583084677678e+00
Dual infeasibility......:   4.4975746763116359e-12    4.4975746763116359e-12
Constraint violation....:   0.0000000000000000e+00    0.0000000000000000e+00
Complementarity.........:   5.0000000000000019e-13    5.0000000000000019e-13
Overall NLP error.......:   4.4975746763116359e-12    4.4975746763116359e-12


Number of objective function evaluations             = 19
Number of objective gradient evaluations             = 19
Number of equality constraint evaluations            = 0
Number of inequality constraint evaluations          = 0
Number of equality constraint Jacobian evaluations   = 0
Number of inequality constraint Jacobian evaluations = 0
Number of Lagrangian Hessian evaluations             = 18
Total CPU secs in IPOPT (w/o function evaluations)   =      0.022
Total CPU secs in NLP function evaluations           =      0.008

EXIT: Solved To Acceptable Level.
This is Ipopt version 3.11.9, running with linear solver ma57.

Number of nonzeros in equality constraint Jacobian...:        0
Number of nonzeros in inequality constraint Jacobian.:        0
Number of nonzeros in Lagrangian Hessian.............:     9221

Total number of variables............................:      806
                     variables with only lower bounds:        0
                variables with lower and upper bounds:      806
                     variables with only upper bounds:        0
Total number of equality constraints.................:        0
Total number of inequality constraints...............:        0
        inequality constraints with only lower bounds:        0
   inequality constraints with lower and upper bounds:        0
        inequality constraints with only upper bounds:        0

iter    objective    inf_pr   inf_du lg(mu)  ||d||  lg(rg) alpha_du alpha_pr  ls
   0  1.0111418e+00 0.00e+00 7.51e-02   0.0 0.00e+00    -  0.00e+00 0.00e+00   0
   1  1.0111007e+00 0.00e+00 6.02e-06  -4.8 4.67e-04    -  9.90e-01 1.00e+00f  1
   2  1.0111001e+00 0.00e+00 1.32e-05  -6.8 6.16e-04    -  9.90e-01 1.00e+00f  1
   3  1.0111001e+00 0.00e+00 7.59e-07  -8.8 1.30e-04    -  9.97e-01 1.00e+00f  1
   4  1.0111001e+00 0.00e+00 5.18e-11 -11.4 1.39e-06    -  1.00e+00 1.00e+00f  1
   5  1.0111001e+00 0.00e+00 9.43e-12 -12.3 9.45e-11    -  1.00e+00 1.00e+00f  1
   6  1.0111001e+00 0.00e+00 1.05e-11 -12.3 9.41e-11    -  1.00e+00 1.00e+00f  1
   7  1.0111001e+00 0.00e+00 7.42e-12 -12.3 5.85e-11    -  1.00e+00 1.00e+00f  1
   8  1.0111001e+00 0.00e+00 9.02e-12 -12.3 7.78e-11    -  1.00e+00 1.00e+00f  1
   9  1.0111001e+00 0.00e+00 9.40e-12 -12.3 1.28e-11    -  1.00e+00 1.00e+00f  1
iter    objective    inf_pr   inf_du lg(mu)  ||d||  lg(rg) alpha_du alpha_pr  ls
  10  1.0111001e+00 0.00e+00 8.93e-12 -12.3 9.74e-11    -  1.00e+00 1.00e+00f  1
  11  1.0111001e+00 0.00e+00 1.05e-11 -12.3 1.16e-10    -  1.00e+00 1.00e+00f  1
  12  1.0111001e+00 0.00e+00 8.14e-12 -12.3 9.02e-11    -  1.00e+00 1.00e+00f  1
  13  1.0111001e+00 0.00e+00 9.08e-12 -12.3 4.49e-11    -  1.00e+00 1.00e+00f  1
  14  1.0111001e+00 0.00e+00 9.82e-12 -12.3 7.60e-11    -  1.00e+00 1.00e+00f  1
  15  1.0111001e+00 0.00e+00 7.30e-12 -12.3 1.68e-10    -  1.00e+00 1.00e+00f  1
  16  1.0111001e+00 0.00e+00 1.01e-11 -12.3 2.05e-10    -  1.00e+00 1.00e+00f  1
  17  1.0111001e+00 0.00e+00 7.63e-12 -12.3 1.68e-11    -  1.00e+00 1.00e+00f  1
  18  1.0111001e+00 0.00e+00 7.69e-12 -12.3 4.63e-11    -  1.00e+00 1.00e+00f  1

Number of Iterations....: 18

                                   (scaled)                 (unscaled)
Objective...............:   1.0111000838522632e+00    1.0111000838522632e+00
Dual infeasibility......:   7.6912384132809685e-12    7.6912384132809685e-12
Constraint violation....:   0.0000000000000000e+00    0.0000000000000000e+00
Complementarity.........:   5.0000000000000019e-13    5.0000000000000019e-13
Overall NLP error.......:   7.6912384132809685e-12    7.6912384132809685e-12


Number of objective function evaluations             = 19
Number of objective gradient evaluations             = 19
Number of equality constraint evaluations            = 0
Number of inequality constraint evaluations          = 0
Number of equality constraint Jacobian evaluations   = 0
Number of inequality constraint Jacobian evaluations = 0
Number of Lagrangian Hessian evaluations             = 18
Total CPU secs in IPOPT (w/o function evaluations)   =      0.019
Total CPU secs in NLP function evaluations           =      0.010

EXIT: Solved To Acceptable Level.
This is Ipopt version 3.11.9, running with linear solver ma57.

Number of nonzeros in equality constraint Jacobian...:        0
Number of nonzeros in inequality constraint Jacobian.:        0
Number of nonzeros in Lagrangian Hessian.............:     9221

Total number of variables............................:      806
                     variables with only lower bounds:        0
                variables with lower and upper bounds:      806
                     variables with only upper bounds:        0
Total number of equality constraints.................:        0
Total number of inequality constraints...............:        0
        inequality constraints with only lower bounds:        0
   inequality constraints with lower and upper bounds:        0
        inequality constraints with only upper bounds:        0

iter    objective    inf_pr   inf_du lg(mu)  ||d||  lg(rg) alpha_du alpha_pr  ls
   0  1.0111419e+00 0.00e+00 7.51e-02   0.0 0.00e+00    -  0.00e+00 0.00e+00   0
   1  1.0111211e+00 0.00e+00 4.30e-06  -4.8 2.72e-04    -  9.90e-01 1.00e+00f  1
   2  1.0111210e+00 0.00e+00 5.44e-06  -6.8 2.74e-04    -  9.90e-01 1.00e+00f  1
   3  1.0111210e+00 0.00e+00 3.68e-07  -8.8 6.33e-05    -  9.98e-01 1.00e+00f  1
   4  1.0111210e+00 0.00e+00 2.26e-11 -11.4 6.41e-07    -  1.00e+00 1.00e+00f  1
   5  1.0111210e+00 0.00e+00 1.93e-11 -12.3 1.16e-10    -  1.00e+00 1.00e+00f  1
   6  1.0111210e+00 0.00e+00 1.92e-11 -12.3 2.64e-10    -  1.00e+00 1.00e+00f  1
   7  1.0111210e+00 0.00e+00 1.58e-11 -12.3 2.92e-10    -  1.00e+00 1.00e+00f  1
   8  1.0111210e+00 0.00e+00 1.88e-11 -12.3 2.78e-10    -  1.00e+00 1.00e+00f  1
   9  1.0111210e+00 0.00e+00 2.05e-11 -12.3 1.80e-10    -  1.00e+00 1.00e+00f  1
iter    objective    inf_pr   inf_du lg(mu)  ||d||  lg(rg) alpha_du alpha_pr  ls
  10  1.0111210e+00 0.00e+00 1.71e-11 -12.3 3.23e-10    -  1.00e+00 1.00e+00f  1
  11  1.0111210e+00 0.00e+00 1.68e-11 -12.3 1.62e-10    -  1.00e+00 1.00e+00f  1
  12  1.0111210e+00 0.00e+00 1.71e-11 -12.3 9.90e-11    -  1.00e+00 1.00e+00f  1
  13  1.0111210e+00 0.00e+00 1.89e-11 -12.3 1.94e-10    -  1.00e+00 1.00e+00f  1
  14  1.0111210e+00 0.00e+00 1.59e-11 -12.3 3.29e-10    -  1.00e+00 1.00e+00f  1
  15  1.0111210e+00 0.00e+00 1.60e-11 -12.3 2.12e-10    -  1.00e+00 1.00e+00f  1
  16  1.0111210e+00 0.00e+00 1.95e-11 -12.3 1.38e-10    -  1.00e+00 1.00e+00f  1
  17  1.0111210e+00 0.00e+00 1.80e-11 -12.3 5.14e-11    -  1.00e+00 1.00e+00f  1
  18  1.0111210e+00 0.00e+00 1.40e-11 -12.3 1.24e-10    -  1.00e+00 1.00e+00f  1

Number of Iterations....: 18

                                   (scaled)                 (unscaled)
Objective...............:   1.0111210057435724e+00    1.0111210057435724e+00
Dual infeasibility......:   1.4027103919307180e-11    1.4027103919307180e-11
Constraint violation....:   0.0000000000000000e+00    0.0000000000000000e+00
Complementarity.........:   5.0000000000000019e-13    5.0000000000000019e-13
Overall NLP error.......:   1.4027103919307180e-11    1.4027103919307180e-11


Number of objective function evaluations             = 19
Number of objective gradient evaluations             = 19
Number of equality constraint evaluations            = 0
Number of inequality constraint evaluations          = 0
Number of equality constraint Jacobian evaluations   = 0
Number of inequality constraint Jacobian evaluations = 0
Number of Lagrangian Hessian evaluations             = 18
Total CPU secs in IPOPT (w/o function evaluations)   =      0.020
Total CPU secs in NLP function evaluations           =      0.009

EXIT: Solved To Acceptable Level.
This is Ipopt version 3.11.9, running with linear solver ma57.

Number of nonzeros in equality constraint Jacobian...:        0
Number of nonzeros in inequality constraint Jacobian.:        0
Number of nonzeros in Lagrangian Hessian.............:     9221

Total number of variables............................:      806
                     variables with only lower bounds:        0
                variables with lower and upper bounds:      806
                     variables with only upper bounds:        0
Total number of equality constraints.................:        0
Total number of inequality constraints...............:        0
        inequality constraints with only lower bounds:        0
   inequality constraints with lower and upper bounds:        0
        inequality constraints with only upper bounds:        0

iter    objective    inf_pr   inf_du lg(mu)  ||d||  lg(rg) alpha_du alpha_pr  ls
   0  1.0111419e+00 0.00e+00 7.51e-02   0.0 0.00e+00    -  0.00e+00 0.00e+00   0
   1  1.0111315e+00 0.00e+00 2.70e-06  -4.8 1.48e-04    -  9.90e-01 1.00e+00f  1
   2  1.0111315e+00 0.00e+00 2.76e-06  -6.8 1.26e-04    -  9.90e-01 1.00e+00f  1
   3  1.0111315e+00 0.00e+00 1.69e-07  -8.8 2.98e-05    -  9.98e-01 1.00e+00f  1
   4  1.0111315e+00 0.00e+00 3.88e-11 -11.4 2.38e-07    -  1.00e+00 1.00e+00f  1
   5  1.0111315e+00 0.00e+00 3.37e-11 -12.3 4.65e-10    -  1.00e+00 1.00e+00f  1
   6  1.0111315e+00 0.00e+00 2.19e-11 -12.3 3.75e-10    -  1.00e+00 1.00e+00f  1
   7  1.0111315e+00 0.00e+00 3.74e-11 -12.3 9.54e-11    -  1.00e+00 1.00e+00f  1
   8  1.0111315e+00 0.00e+00 2.65e-11 -12.3 6.94e-10    -  1.00e+00 1.00e+00f  1
   9  1.0111315e+00 0.00e+00 3.22e-11 -12.3 3.81e-10    -  1.00e+00 1.00e+00f  1
iter    objective    inf_pr   inf_du lg(mu)  ||d||  lg(rg) alpha_du alpha_pr  ls
  10  1.0111315e+00 0.00e+00 3.21e-11 -12.3 4.50e-10    -  1.00e+00 1.00e+00f  1
  11  1.0111315e+00 0.00e+00 3.59e-11 -12.3 1.98e-10    -  1.00e+00 1.00e+00f  1
  12  1.0111315e+00 0.00e+00 4.29e-11 -12.3 3.03e-10    -  1.00e+00 1.00e+00f  1
  13  1.0111315e+00 0.00e+00 3.03e-11 -12.3 4.57e-11    -  1.00e+00 1.00e+00f  1
  14  1.0111315e+00 0.00e+00 2.91e-11 -12.3 6.71e-11    -  1.00e+00 1.00e+00f  1
  15  1.0111315e+00 0.00e+00 3.09e-11 -12.3 2.62e-10    -  1.00e+00 1.00e+00f  1
  16  1.0111315e+00 0.00e+00 3.20e-11 -12.3 1.59e-10    -  1.00e+00 1.00e+00f  1
  17  1.0111315e+00 0.00e+00 4.46e-11 -12.3 6.61e-11    -  1.00e+00 1.00e+00f  1
  18  1.0111315e+00 0.00e+00 3.22e-11 -12.3 7.67e-11    -  1.00e+00 1.00e+00f  1

Number of Iterations....: 18

                                   (scaled)                 (unscaled)
Objective...............:   1.0111314753302540e+00    1.0111314753302540e+00
Dual infeasibility......:   3.2220204587971904e-11    3.2220204587971904e-11
Constraint violation....:   0.0000000000000000e+00    0.0000000000000000e+00
Complementarity.........:   5.0000000000000019e-13    5.0000000000000019e-13
Overall NLP error.......:   3.2220204587971904e-11    3.2220204587971904e-11


Number of objective function evaluations             = 19
Number of objective gradient evaluations             = 19
Number of equality constraint evaluations            = 0
Number of inequality constraint evaluations          = 0
Number of equality constraint Jacobian evaluations   = 0
Number of inequality constraint Jacobian evaluations = 0
Number of Lagrangian Hessian evaluations             = 18
Total CPU secs in IPOPT (w/o function evaluations)   =      0.021
Total CPU secs in NLP function evaluations           =      0.008

EXIT: Solved To Acceptable Level.
This is Ipopt version 3.11.9, running with linear solver ma57.

Number of nonzeros in equality constraint Jacobian...:        0
Number of nonzeros in inequality constraint Jacobian.:        0
Number of nonzeros in Lagrangian Hessian.............:     9221

Total number of variables............................:      806
                     variables with only lower bounds:        0
                variables with lower and upper bounds:      806
                     variables with only upper bounds:        0
Total number of equality constraints.................:        0
Total number of inequality constraints...............:        0
        inequality constraints with only lower bounds:        0
   inequality constraints with lower and upper bounds:        0
        inequality constraints with only upper bounds:        0

iter    objective    inf_pr   inf_du lg(mu)  ||d||  lg(rg) alpha_du alpha_pr  ls
   0  1.0111419e+00 0.00e+00 7.51e-02   0.0 0.00e+00    -  0.00e+00 0.00e+00   0
   1  1.0111367e+00 0.00e+00 1.49e-06  -4.8 7.61e-05    -  9.90e-01 1.00e+00f  1
   2  1.0111367e+00 0.00e+00 1.60e-06  -6.8 6.45e-05    -  9.90e-01 1.00e+00f  1
   3  1.0111367e+00 0.00e+00 7.03e-08  -8.8 1.30e-05    -  9.98e-01 1.00e+00f  1
   4  1.0111367e+00 0.00e+00 6.54e-11 -11.4 5.55e-08    -  1.00e+00 1.00e+00f  1
   5  1.0111367e+00 0.00e+00 6.40e-11 -12.3 9.38e-10    -  1.00e+00 1.00e+00f  1
   6  1.0111367e+00 0.00e+00 7.52e-11 -12.3 2.26e-10    -  1.00e+00 1.00e+00f  1
   7  1.0111367e+00 0.00e+00 6.46e-11 -12.3 2.44e-10    -  1.00e+00 1.00e+00f  1
   8  1.0111367e+00 0.00e+00 7.45e-11 -12.3 9.75e-10    -  1.00e+00 1.00e+00f  1
   9  1.0111367e+00 0.00e+00 6.44e-11 -12.3 1.38e-09    -  1.00e+00 1.00e+00f  1
iter    objective    inf_pr   inf_du lg(mu)  ||d||  lg(rg) alpha_du alpha_pr  ls
  10  1.0111367e+00 0.00e+00 5.59e-11 -12.3 7.30e-10    -  1.00e+00 1.00e+00f  1
  11  1.0111367e+00 0.00e+00 7.93e-11 -12.3 6.66e-10    -  1.00e+00 1.00e+00f  1
  12  1.0111367e+00 0.00e+00 6.98e-11 -12.3 4.90e-10    -  1.00e+00 1.00e+00f  1
  13  1.0111367e+00 0.00e+00 6.53e-11 -12.3 1.48e-09    -  1.00e+00 1.00e+00f  1
  14  1.0111367e+00 0.00e+00 6.57e-11 -12.3 1.06e-09    -  1.00e+00 1.00e+00f  1
  15  1.0111367e+00 0.00e+00 5.66e-11 -12.3 2.04e-10    -  1.00e+00 1.00e+00f  1
  16  1.0111367e+00 0.00e+00 6.01e-11 -12.3 7.78e-10    -  1.00e+00 1.00e+00f  1
  17  1.0111367e+00 0.00e+00 7.26e-11 -12.3 5.00e-10    -  1.00e+00 1.00e+00f  1
  18  1.0111367e+00 0.00e+00 7.33e-11 -12.3 1.35e-09    -  1.00e+00 1.00e+00f  1

Number of Iterations....: 18

                                   (scaled)                 (unscaled)
Objective...............:   1.0111367122955170e+00    1.0111367122955170e+00
Dual infeasibility......:   7.3336402325264160e-11    7.3336402325264160e-11
Constraint violation....:   0.0000000000000000e+00    0.0000000000000000e+00
Complementarity.........:   5.0000000000000019e-13    5.0000000000000019e-13
Overall NLP error.......:   7.3336402325264160e-11    7.3336402325264160e-11


Number of objective function evaluations             = 19
Number of objective gradient evaluations             = 19
Number of equality constraint evaluations            = 0
Number of inequality constraint evaluations          = 0
Number of equality constraint Jacobian evaluations   = 0
Number of inequality constraint Jacobian evaluations = 0
Number of Lagrangian Hessian evaluations             = 18
Total CPU secs in IPOPT (w/o function evaluations)   =      0.021
Total CPU secs in NLP function evaluations           =      0.007

EXIT: Solved To Acceptable Level.
This is Ipopt version 3.11.9, running with linear solver ma57.

Number of nonzeros in equality constraint Jacobian...:        0
Number of nonzeros in inequality constraint Jacobian.:        0
Number of nonzeros in Lagrangian Hessian.............:     9221

Total number of variables............................:      806
                     variables with only lower bounds:        0
                variables with lower and upper bounds:      806
                     variables with only upper bounds:        0
Total number of equality constraints.................:        0
Total number of inequality constraints...............:        0
        inequality constraints with only lower bounds:        0
   inequality constraints with lower and upper bounds:        0
        inequality constraints with only upper bounds:        0

iter    objective    inf_pr   inf_du lg(mu)  ||d||  lg(rg) alpha_du alpha_pr  ls
   0  1.0111419e+00 0.00e+00 7.51e-02   0.0 0.00e+00    -  0.00e+00 0.00e+00   0
   1  1.0111393e+00 0.00e+00 8.39e-07  -4.8 3.75e-05    -  9.90e-01 1.00e+00f  1
   2  1.0111393e+00 0.00e+00 8.82e-07  -6.8 3.31e-05    -  9.90e-01 1.00e+00f  1
   3  1.0111393e+00 0.00e+00 2.26e-08  -8.8 5.94e-06    -  9.98e-01 1.00e+00f  1
   4  1.0111393e+00 0.00e+00 1.85e-10 -11.4 7.94e-08    -  1.00e+00 1.00e+00f  1
   5  1.0111393e+00 0.00e+00 1.47e-10 -12.3 1.75e-09    -  1.00e+00 1.00e+00f  1
   6  1.0111393e+00 0.00e+00 1.10e-10 -12.3 5.17e-10    -  1.00e+00 1.00e+00f  1
   7  1.0111393e+00 0.00e+00 1.43e-10 -12.3 2.77e-09    -  1.00e+00 1.00e+00f  1
   8  1.0111393e+00 0.00e+00 1.48e-10 -12.3 1.81e-09    -  1.00e+00 1.00e+00f  1
   9  1.0111393e+00 0.00e+00 1.38e-10 -12.3 2.53e-09    -  1.00e+00 1.00e+00f  1
iter    objective    inf_pr   inf_du lg(mu)  ||d||  lg(rg) alpha_du alpha_pr  ls
  10  1.0111393e+00 0.00e+00 1.43e-10 -12.3 1.45e-09    -  1.00e+00 1.00e+00f  1
  11  1.0111393e+00 0.00e+00 1.54e-10 -12.3 1.60e-09    -  1.00e+00 1.00e+00f  1
  12  1.0111393e+00 0.00e+00 1.02e-10 -12.3 2.12e-09    -  1.00e+00 1.00e+00f  1
  13  1.0111393e+00 0.00e+00 1.13e-10 -12.3 1.58e-09    -  1.00e+00 1.00e+00f  1
  14  1.0111393e+00 0.00e+00 1.17e-10 -12.3 3.62e-09    -  1.00e+00 1.00e+00f  1
  15  1.0111393e+00 0.00e+00 1.23e-10 -12.3 8.01e-10    -  1.00e+00 1.00e+00f  1
  16  1.0111393e+00 0.00e+00 1.42e-10 -12.3 2.10e-09    -  1.00e+00 1.00e+00f  1
  17  1.0111393e+00 0.00e+00 1.49e-10 -12.3 3.03e-09    -  1.00e+00 1.00e+00f  1
  18  1.0111393e+00 0.00e+00 1.59e-10 -12.3 2.06e-09    -  1.00e+00 1.00e+00f  1

Number of Iterations....: 18

                                   (scaled)                 (unscaled)
Objective...............:   1.0111393313226036e+00    1.0111393313226036e+00
Dual infeasibility......:   1.5900704119684954e-10    1.5900704119684954e-10
Constraint violation....:   0.0000000000000000e+00    0.0000000000000000e+00
Complementarity.........:   5.0000000000000019e-13    5.0000000000000019e-13
Overall NLP error.......:   1.5900704119684954e-10    1.5900704119684954e-10


Number of objective function evaluations             = 19
Number of objective gradient evaluations             = 19
Number of equality constraint evaluations            = 0
Number of inequality constraint evaluations          = 0
Number of equality constraint Jacobian evaluations   = 0
Number of inequality constraint Jacobian evaluations = 0
Number of Lagrangian Hessian evaluations             = 18
Total CPU secs in IPOPT (w/o function evaluations)   =      0.022
Total CPU secs in NLP function evaluations           =      0.007

EXIT: Solved To Acceptable Level.
This is Ipopt version 3.11.9, running with linear solver ma57.

Number of nonzeros in equality constraint Jacobian...:        0
Number of nonzeros in inequality constraint Jacobian.:        0
Number of nonzeros in Lagrangian Hessian.............:     9221

Total number of variables............................:      806
                     variables with only lower bounds:        0
                variables with lower and upper bounds:      806
                     variables with only upper bounds:        0
Total number of equality constraints.................:        0
Total number of inequality constraints...............:        0
        inequality constraints with only lower bounds:        0
   inequality constraints with lower and upper bounds:        0
        inequality constraints with only upper bounds:        0

iter    objective    inf_pr   inf_du lg(mu)  ||d||  lg(rg) alpha_du alpha_pr  ls
   0  1.0111420e+00 0.00e+00 7.51e-02   0.0 0.00e+00    -  0.00e+00 0.00e+00   0
   1  1.0111406e+00 0.00e+00 5.25e-07  -4.8 1.94e-05    -  9.90e-01 1.00e+00f  1
   2  1.0111406e+00 0.00e+00 4.78e-07  -6.8 1.67e-05    -  9.90e-01 1.00e+00f  1
   3  1.0111406e+00 0.00e+00 9.71e-09  -8.8 4.98e-06    -  9.98e-01 1.00e+00f  1
   4  1.0111406e+00 0.00e+00 2.98e-10 -11.4 1.36e-07    -  1.00e+00 1.00e+00f  1
   5  1.0111406e+00 0.00e+00 2.91e-10 -12.3 1.96e-09    -  1.00e+00 1.00e+00f  1
   6  1.0111406e+00 0.00e+00 2.28e-10 -12.3 9.65e-10    -  1.00e+00 1.00e+00f  1
   7  1.0111406e+00 0.00e+00 3.76e-10 -12.3 1.33e-09    -  1.00e+00 1.00e+00f  1
   8  1.0111406e+00 0.00e+00 2.33e-10 -12.3 3.23e-09    -  1.00e+00 1.00e+00f  1
   9  1.0111406e+00 0.00e+00 2.46e-10 -12.3 1.12e-09    -  1.00e+00 1.00e+00f  1
iter    objective    inf_pr   inf_du lg(mu)  ||d||  lg(rg) alpha_du alpha_pr  ls
  10  1.0111406e+00 0.00e+00 2.83e-10 -12.3 3.85e-10    -  1.00e+00 1.00e+00f  1
  11  1.0111406e+00 0.00e+00 3.15e-10 -12.3 8.92e-10    -  1.00e+00 1.00e+00f  1
  12  1.0111406e+00 0.00e+00 2.06e-10 -12.3 3.36e-09    -  1.00e+00 1.00e+00f  1
  13  1.0111406e+00 0.00e+00 2.55e-10 -12.3 1.02e-09    -  1.00e+00 1.00e+00f  1
  14  1.0111406e+00 0.00e+00 2.70e-10 -12.3 4.61e-09    -  1.00e+00 1.00e+00f  1
  15  1.0111406e+00 0.00e+00 3.21e-10 -12.3 1.05e-09    -  1.00e+00 1.00e+00f  1
  16  1.0111406e+00 0.00e+00 3.03e-10 -12.3 8.17e-10    -  1.00e+00 1.00e+00f  1
  17  1.0111406e+00 0.00e+00 2.44e-10 -12.3 1.32e-09    -  1.00e+00 1.00e+00f  1
  18  1.0111406e+00 0.00e+00 2.93e-10 -12.3 2.72e-09    -  1.00e+00 1.00e+00f  1

Number of Iterations....: 18

                                   (scaled)                 (unscaled)
Objective...............:   1.0111406409724455e+00    1.0111406409724455e+00
Dual infeasibility......:   2.9285523185521858e-10    2.9285523185521858e-10
Constraint violation....:   0.0000000000000000e+00    0.0000000000000000e+00
Complementarity.........:   5.0000000000000019e-13    5.0000000000000019e-13
Overall NLP error.......:   2.9285523185521858e-10    2.9285523185521858e-10


Number of objective function evaluations             = 19
Number of objective gradient evaluations             = 19
Number of equality constraint evaluations            = 0
Number of inequality constraint evaluations          = 0
Number of equality constraint Jacobian evaluations   = 0
Number of inequality constraint Jacobian evaluations = 0
Number of Lagrangian Hessian evaluations             = 18
Total CPU secs in IPOPT (w/o function evaluations)   =      0.025
Total CPU secs in NLP function evaluations           =      0.006

EXIT: Solved To Acceptable Level.
